Determining if the pthread_create exist failed with the following output:
Change Dir: /home/matt/Documents/phys2d/build/CMakeFiles/CMakeTmp

Run Build Command:"/usr/bin/make" "cmTryCompileExec3834521515/fast"
make[1]: Entering directory '/home/matt/Documents/phys2d/build/CMakeFiles/CMakeTmp'
/usr/bin/make -f CMakeFiles/cmTryCompileExec3834521515.dir/build.make CMakeFiles/cmTryCompileExec3834521515.dir/build
make[2]: Entering directory '/home/matt/Documents/phys2d/build/CMakeFiles/CMakeTmp'
/usr/bin/cmake -E cmake_progress_report /home/matt/Documents/phys2d/build/CMakeFiles/CMakeTmp/CMakeFiles 1
Building C object CMakeFiles/cmTryCompileExec3834521515.dir/CheckSymbolExists.c.o
/usr/bin/cc    -o CMakeFiles/cmTryCompileExec3834521515.dir/CheckSymbolExists.c.o   -c /home/matt/Documents/phys2d/build/CMakeFiles/CMakeTmp/CheckSymbolExists.c
Linking C executable cmTryCompileExec3834521515
/usr/bin/cmake -E cmake_link_script CMakeFiles/cmTryCompileExec3834521515.dir/link.txt --verbose=1
/usr/bin/cc       CMakeFiles/cmTryCompileExec3834521515.dir/CheckSymbolExists.c.o  -o cmTryCompileExec3834521515 -rdynamic 
CMakeFiles/cmTryCompileExec3834521515.dir/CheckSymbolExists.c.o: In function `main':
CheckSymbolExists.c:(.text+0x16): undefined reference to `pthread_create'
collect2: error: ld returned 1 exit status
CMakeFiles/cmTryCompileExec3834521515.dir/build.make:88: recipe for target 'cmTryCompileExec3834521515' failed
make[2]: *** [cmTryCompileExec3834521515] Error 1
make[2]: Leaving directory '/home/matt/Documents/phys2d/build/CMakeFiles/CMakeTmp'
Makefile:118: recipe for target 'cmTryCompileExec3834521515/fast' failed
make[1]: *** [cmTryCompileExec3834521515/fast] Error 2
make[1]: Leaving directory '/home/matt/Documents/phys2d/build/CMakeFiles/CMakeTmp'

File /home/matt/Documents/phys2d/build/CMakeFiles/CMakeTmp/CheckSymbolExists.c:
/* */
#include <pthread.h>

int main(int argc, char** argv)
{
  (void)argv;
#ifndef pthread_create
  return ((int*)(&pthread_create))[argc];
#else
  (void)argc;
  return 0;
#endif
}

Determining if the function pthread_create exists in the pthreads failed with the following output:
Change Dir: /home/matt/Documents/phys2d/build/CMakeFiles/CMakeTmp

Run Build Command:"/usr/bin/make" "cmTryCompileExec1240591360/fast"
make[1]: Entering directory '/home/matt/Documents/phys2d/build/CMakeFiles/CMakeTmp'
/usr/bin/make -f CMakeFiles/cmTryCompileExec1240591360.dir/build.make CMakeFiles/cmTryCompileExec1240591360.dir/build
make[2]: Entering directory '/home/matt/Documents/phys2d/build/CMakeFiles/CMakeTmp'
/usr/bin/cmake -E cmake_progress_report /home/matt/Documents/phys2d/build/CMakeFiles/CMakeTmp/CMakeFiles 1
Building C object CMakeFiles/cmTryCompileExec1240591360.dir/CheckFunctionExists.c.o
/usr/bin/cc   -DCHECK_FUNCTION_EXISTS=pthread_create   -o CMakeFiles/cmTryCompileExec1240591360.dir/CheckFunctionExists.c.o   -c /usr/share/cmake-3.0/Modules/CheckFunctionExists.c
Linking C executable cmTryCompileExec1240591360
/usr/bin/cmake -E cmake_link_script CMakeFiles/cmTryCompileExec1240591360.dir/link.txt --verbose=1
/usr/bin/cc   -DCHECK_FUNCTION_EXISTS=pthread_create    CMakeFiles/cmTryCompileExec1240591360.dir/CheckFunctionExists.c.o  -o cmTryCompileExec1240591360 -rdynamic -lpthreads 
/usr/bin/ld: cannot find -lpthreads
collect2: error: ld returned 1 exit status
CMakeFiles/cmTryCompileExec1240591360.dir/build.make:88: recipe for target 'cmTryCompileExec1240591360' failed
make[2]: Leaving directory '/home/matt/Documents/phys2d/build/CMakeFiles/CMakeTmp'
make[2]: *** [cmTryCompileExec1240591360] Error 1
Makefile:118: recipe for target 'cmTryCompileExec1240591360/fast' failed
make[1]: Leaving directory '/home/matt/Documents/phys2d/build/CMakeFiles/CMakeTmp'
make[1]: *** [cmTryCompileExec1240591360/fast] Error 2


